<?xml version="1.0" encoding="UTF-8"?>
<!-- Generated by org.testng.reporters.JUnitReportReporter -->
<testsuite hostname="salimsouidi" failures="0" tests="1" name="pagesTest.GetTextFromApp" time="2.071" errors="0" timestamp="2024-03-14T17:18:29 GMT+01:00" skipped="0">
  <testcase classname="pagesTest.GetTextFromApp" name="extractTextFromAppiumElement" time="2.071"/>
  <system-out/>
</testsuite> <!-- pagesTest.GetTextFromApp -->
