<?xml version="1.0" encoding="UTF-8"?>
<!-- Generated by org.testng.reporters.JUnitReportReporter -->
<testsuite hostname="salimsouidi" failures="0" tests="1" name="appium.AppiumTest" time="9.843" errors="0" timestamp="2024-03-12T14:22:41 GMT+01:00" skipped="0">
  <testcase classname="appium.AppiumTest" name="setUp" time="9.843"/>
  <system-out/>
</testsuite> <!-- appium.AppiumTest -->
