<?xml version="1.0" encoding="UTF-8"?>
<!-- Generated by org.testng.reporters.JUnitReportReporter -->
<testsuite hostname="salimsouidi" failures="0" tests="1" name="pagesTest.SetUpWifi" time="20.979" errors="0" timestamp="2024-03-16T23:44:39 GMT+01:00" skipped="0">
  <testcase classname="pagesTest.SetUpWifi" name="setWifiTest" time="20.979"/>
  <system-out/>
</testsuite> <!-- pagesTest.SetUpWifi -->
