<?xml version="1.0" encoding="UTF-8"?>
<!-- Generated by org.testng.reporters.JUnitReportReporter -->
<testsuite hostname="salimsouidi" failures="0" tests="1" name="pagesTest.LongPress" time="17.826" errors="0" timestamp="2024-03-16T10:44:34 GMT+01:00" skipped="0">
  <testcase classname="pagesTest.LongPress" name="longPressTest" time="17.826"/>
  <system-out/>
</testsuite> <!-- pagesTest.LongPress -->
