<?xml version="1.0" encoding="UTF-8"?>
<!-- Generated by org.testng.reporters.JUnitReportReporter -->
<testsuite hostname="salimsouidi" failures="0" tests="1" name="pagesTest.LongPress" time="12.009" errors="0" timestamp="2024-03-15T05:48:25 GMT+01:00" skipped="0">
  <testcase classname="pagesTest.LongPress" name="longPressTest" time="12.009"/>
  <system-out/>
</testsuite> <!-- pagesTest.LongPress -->
