<?xml version="1.0" encoding="UTF-8"?>
<!-- Generated by org.testng.reporters.JUnitReportReporter -->
<testsuite hostname="salimsouidi" failures="0" tests="4" name="storeApp.ShopStoreApp" time="33.751" errors="0" timestamp="2024-03-15T02:03:56 GMT+01:00" skipped="0">
  <testcase classname="storeApp.ShopStoreApp" name="LoginStoreTest" time="7.645"/>
  <system-out/>
  <testcase classname="storeApp.ShopStoreApp" name="addItemToCart" time="3.466"/>
  <system-out/>
  <testcase classname="storeApp.ShopStoreApp" name="scrollToItemTest" time="10.452"/>
  <system-out/>
  <testcase classname="storeApp.ShopStoreApp" name="CartProductList" time="12.188"/>
  <system-out/>
</testsuite> <!-- storeApp.ShopStoreApp -->
