<?xml version="1.0" encoding="UTF-8"?>
<!-- Generated by org.testng.reporters.JUnitReportReporter -->
<testsuite hostname="salimsouidi" failures="0" tests="4" name="storeApp.ShopStoreApp" time="39.796" errors="0" timestamp="2024-03-16T15:19:21 GMT+01:00" skipped="0">
  <testcase classname="storeApp.ShopStoreApp" name="LoginStoreTest" time="10.035"/>
  <system-out/>
  <testcase classname="storeApp.ShopStoreApp" name="addItemToCartTest" time="4.976"/>
  <system-out/>
  <testcase classname="storeApp.ShopStoreApp" name="scrollToItemTest" time="12.228"/>
  <system-out/>
  <testcase classname="storeApp.ShopStoreApp" name="CartProductListTest" time="12.557"/>
  <system-out/>
</testsuite> <!-- storeApp.ShopStoreApp -->
