<?xml version="1.0" encoding="UTF-8"?>
<!-- Generated by org.testng.reporters.JUnitReportReporter -->
<testsuite hostname="salimsouidi" failures="0" tests="2" name="storeApp.ShopStoreApp" time="17.544" errors="0" timestamp="2024-03-16T13:59:04 GMT+01:00" skipped="0">
  <testcase classname="storeApp.ShopStoreApp" name="LoginStoreTest" time="11.877"/>
  <system-out/>
  <testcase classname="storeApp.ShopStoreApp" name="addItemToCartTest" time="5.667"/>
  <system-out/>
</testsuite> <!-- storeApp.ShopStoreApp -->
