<?xml version="1.0" encoding="UTF-8"?>
<!-- Generated by org.testng.reporters.JUnitReportReporter -->
<testsuite hostname="salimsouidi" failures="0" tests="1" name="storeApp.LaunchStoreApp" time="0.013" errors="0" timestamp="2024-03-14T12:59:28 GMT+01:00" skipped="0">
  <testcase classname="storeApp.LaunchStoreApp" name="launchStoreTest" time="0.013"/>
  <system-out/>
</testsuite> <!-- storeApp.LaunchStoreApp -->
