<?xml version="1.0" encoding="UTF-8"?>
<!-- Generated by org.testng.reporters.JUnitReportReporter -->
<testsuite hostname="salimsouidi" failures="0" tests="1" name="pagesTest.GetTextFromApp" time="5.011" errors="0" timestamp="2024-03-16T01:31:43 GMT+01:00" skipped="0">
  <testcase classname="pagesTest.GetTextFromApp" name="extractTextFromAppiumElement" time="5.011"/>
  <system-out/>
</testsuite> <!-- pagesTest.GetTextFromApp -->
