<?xml version="1.0" encoding="UTF-8"?>
<!-- Generated by org.testng.reporters.JUnitReportReporter -->
<testsuite hostname="salimsouidi" failures="0" tests="2" name="storeApp.ApkPure" time="9.859" errors="1" timestamp="2024-03-16T01:34:14 GMT+01:00" skipped="1">
  <testcase classname="storeApp.ApkPure" name="apkPureTest" time="0.000">
    <skipped/>
  </testcase> <!-- apkPureTest -->
  <system-out/>
  <testcase classname="storeApp.ApkPure" name="startAppiumServer" time="9.859">
    <error message="Could not start a new session. Response code 500. Message: An unknown server-side error occurred while processing the command. Original error: Error executing adbExec. Original error: &#039;Command &#039;C:\\Users\\TOPINFORMATIQUE\\AppData\\Local\\Android\\Sdk\\platform-tools\\adb.exe -P 5037 -s emulator-5554 install C:\\Users\\TOPINFORMATIQUE\\eclipse-workspace\\AppiumTests\\src\\test\\resources\\ContactManager-selendroid.apk&#039; exited with code 1&#039;; Command output: adb: failed to install C:\Users\TOPINFORMATIQUE\eclipse-workspace\AppiumTests\src\test\resources\ContactManager-selendroid.apk: Failure [INSTALL_FAILED_DEPRECATED_SDK_VERSION: App package must target at least SDK version 23, but found 5]
 
Host info: host: &#039;SALIMSOUIDI&#039;, ip: &#039;192.168.56.1&#039;
Build info: version: &#039;4.18.1&#039;, revision: &#039;b1d3319b48&#039;
System info: os.name: &#039;Windows 11&#039;, os.arch: &#039;amd64&#039;, os.version: &#039;10.0&#039;, java.version: &#039;17.0.7&#039;
Driver info: io.appium.java_client.android.AndroidDriver
Command: [null, newSession {capabilities=[{appium:deviceName=DemoDevice, platformName=ANDROID, appium:automationName=UIAutomator2, appium:app=C:\Users\TOPINFORMATIQUE\eclipse-workspace\AppiumTests\src\test\resources\ContactManager-selendroid.apk}], desiredCapabilities=Capabilities {appium:app: C:\Users\TOPINFORMATIQUE\ec..., appium:automationName: UIAutomator2, appium:deviceName: DemoDevice, platformName: ANDROID}}]
Capabilities {appium:app: C:\Users\TOPINFORMATIQUE\ec..., appium:automationName: UIAutomator2, appium:deviceName: DemoDevice, platformName: ANDROID}" type="org.openqa.selenium.SessionNotCreatedException">
      <![CDATA[org.openqa.selenium.SessionNotCreatedException: Could not start a new session. Response code 500. Message: An unknown server-side error occurred while processing the command. Original error: Error executing adbExec. Original error: 'Command 'C:\\Users\\TOPINFORMATIQUE\\AppData\\Local\\Android\\Sdk\\platform-tools\\adb.exe -P 5037 -s emulator-5554 install C:\\Users\\TOPINFORMATIQUE\\eclipse-workspace\\AppiumTests\\src\\test\\resources\\ContactManager-selendroid.apk' exited with code 1'; Command output: adb: failed to install C:\Users\TOPINFORMATIQUE\eclipse-workspace\AppiumTests\src\test\resources\ContactManager-selendroid.apk: Failure [INSTALL_FAILED_DEPRECATED_SDK_VERSION: App package must target at least SDK version 23, but found 5]
 
Host info: host: 'SALIMSOUIDI', ip: '192.168.56.1'
Build info: version: '4.18.1', revision: 'b1d3319b48'
System info: os.name: 'Windows 11', os.arch: 'amd64', os.version: '10.0', java.version: '17.0.7'
Driver info: io.appium.java_client.android.AndroidDriver
Command: [null, newSession {capabilities=[{appium:deviceName=DemoDevice, platformName=ANDROID, appium:automationName=UIAutomator2, appium:app=C:\Users\TOPINFORMATIQUE\eclipse-workspace\AppiumTests\src\test\resources\ContactManager-selendroid.apk}], desiredCapabilities=Capabilities {appium:app: C:\Users\TOPINFORMATIQUE\ec..., appium:automationName: UIAutomator2, appium:deviceName: DemoDevice, platformName: ANDROID}}]
Capabilities {appium:app: C:\Users\TOPINFORMATIQUE\ec..., appium:automationName: UIAutomator2, appium:deviceName: DemoDevice, platformName: ANDROID}
at org.openqa.selenium.remote.ProtocolHandshake.createSession(ProtocolHandshake.java:139)
at java.base/jdk.internal.reflect.NativeMethodAccessorImpl.invoke0(Native Method)
at java.base/jdk.internal.reflect.NativeMethodAccessorImpl.invoke(NativeMethodAccessorImpl.java:77)
at java.base/jdk.internal.reflect.DelegatingMethodAccessorImpl.invoke(DelegatingMethodAccessorImpl.java:43)
at java.base/java.lang.reflect.Method.invoke(Method.java:568)
at io.appium.java_client.remote.AppiumProtocolHandshake.createSession(AppiumProtocolHandshake.java:133)
at io.appium.java_client.remote.AppiumProtocolHandshake.createSession(AppiumProtocolHandshake.java:102)
at io.appium.java_client.remote.AppiumCommandExecutor.createSession(AppiumCommandExecutor.java:176)
at io.appium.java_client.remote.AppiumCommandExecutor.execute(AppiumCommandExecutor.java:237)
at org.openqa.selenium.remote.RemoteWebDriver.execute(RemoteWebDriver.java:519)
at io.appium.java_client.AppiumDriver.startSession(AppiumDriver.java:268)
at org.openqa.selenium.remote.RemoteWebDriver.<init>(RemoteWebDriver.java:162)
at io.appium.java_client.AppiumDriver.<init>(AppiumDriver.java:90)
at io.appium.java_client.AppiumDriver.<init>(AppiumDriver.java:102)
at io.appium.java_client.android.AndroidDriver.<init>(AndroidDriver.java:109)
at baseUtils.Base.startAppiumServer(Base.java:51)
at java.base/jdk.internal.reflect.NativeMethodAccessorImpl.invoke0(Native Method)
at java.base/jdk.internal.reflect.NativeMethodAccessorImpl.invoke(NativeMethodAccessorImpl.java:77)
at java.base/jdk.internal.reflect.DelegatingMethodAccessorImpl.invoke(DelegatingMethodAccessorImpl.java:43)
at java.base/java.lang.reflect.Method.invoke(Method.java:568)
at org.testng.internal.MethodInvocationHelper.invokeMethod(MethodInvocationHelper.java:133)
at org.testng.internal.MethodInvocationHelper.invokeMethodConsideringTimeout(MethodInvocationHelper.java:62)
at org.testng.internal.ConfigInvoker.invokeConfigurationMethod(ConfigInvoker.java:385)
at org.testng.internal.ConfigInvoker.invokeConfigurations(ConfigInvoker.java:321)
at org.testng.internal.TestMethodWorker.invokeBeforeClassMethods(TestMethodWorker.java:176)
at org.testng.internal.TestMethodWorker.run(TestMethodWorker.java:122)
at java.base/java.util.ArrayList.forEach(ArrayList.java:1511)
at org.testng.TestRunner.privateRun(TestRunner.java:794)
at org.testng.TestRunner.run(TestRunner.java:596)
at org.testng.SuiteRunner.runTest(SuiteRunner.java:377)
at org.testng.SuiteRunner.runSequentially(SuiteRunner.java:371)
at org.testng.SuiteRunner.privateRun(SuiteRunner.java:332)
at org.testng.SuiteRunner.run(SuiteRunner.java:276)
at org.testng.SuiteRunnerWorker.runSuite(SuiteRunnerWorker.java:53)
at org.testng.SuiteRunnerWorker.run(SuiteRunnerWorker.java:96)
at org.testng.TestNG.runSuitesSequentially(TestNG.java:1212)
at org.testng.TestNG.runSuitesLocally(TestNG.java:1134)
at org.testng.TestNG.runSuites(TestNG.java:1063)
at org.testng.TestNG.run(TestNG.java:1031)
at org.testng.remote.AbstractRemoteTestNG.run(AbstractRemoteTestNG.java:115)
at org.testng.remote.RemoteTestNG.initAndRun(RemoteTestNG.java:251)
at org.testng.remote.RemoteTestNG.main(RemoteTestNG.java:77)
]]>
    </error>
  </testcase> <!-- startAppiumServer -->
  <system-out/>
</testsuite> <!-- storeApp.ApkPure -->
