<?xml version="1.0" encoding="UTF-8"?>
<!-- Generated by org.testng.reporters.JUnitReportReporter -->
<testsuite hostname="salimsouidi" failures="0" tests="1" name="baseUtils.Base" time="2.649" errors="0" timestamp="2024-03-12T19:22:41 GMT+01:00" skipped="0">
  <testcase classname="baseUtils.Base" name="appiumSetup" time="2.649"/>
  <system-out/>
</testsuite> <!-- baseUtils.Base -->
