<?xml version="1.0" encoding="UTF-8"?>
<!-- Generated by org.testng.reporters.JUnitReportReporter -->
<testsuite hostname="salimsouidi" failures="0" tests="1" name="storeShopTest.ToastMessageTest" time="17.683" errors="0" timestamp="2024-03-17T19:38:14 GMT+01:00" skipped="0">
  <testcase classname="storeShopTest.ToastMessageTest" name="toastMsgTest" time="17.683"/>
  <system-out/>
</testsuite> <!-- storeShopTest.ToastMessageTest -->
