<?xml version="1.0" encoding="UTF-8"?>
<!-- Generated by org.testng.reporters.JUnitReportReporter -->
<testsuite hostname="salimsouidi" failures="0" tests="1" name="appium.Base" time="13.396" errors="0" timestamp="2024-03-12T19:08:08 GMT+01:00" skipped="0">
  <testcase classname="appium.Base" name="appiumSetup" time="13.396"/>
  <system-out/>
</testsuite> <!-- appium.Base -->
