<?xml version="1.0" encoding="UTF-8"?>
<!-- Generated by org.testng.reporters.JUnitReportReporter -->
<testsuite hostname="salimsouidi" failures="0" tests="4" name="storeShopTest.ShopStoreApp" time="43.368" errors="0" timestamp="2024-03-16T23:48:40 GMT+01:00" skipped="0">
  <testcase classname="storeShopTest.ShopStoreApp" name="LoginStoreTest" time="10.421"/>
  <system-out/>
  <testcase classname="storeShopTest.ShopStoreApp" name="addItemToCartTest" time="5.813"/>
  <system-out/>
  <testcase classname="storeShopTest.ShopStoreApp" name="scrollToItemTest" time="13.822"/>
  <system-out/>
  <testcase classname="storeShopTest.ShopStoreApp" name="CartProductListTest" time="13.312"/>
  <system-out/>
</testsuite> <!-- storeShopTest.ShopStoreApp -->
