<?xml version="1.0" encoding="UTF-8"?>
<!-- Generated by org.testng.reporters.JUnitReportReporter -->
<testsuite hostname="salimsouidi" failures="0" tests="1" name="storeShopTest.SwipeDemo" time="11.610" errors="0" timestamp="2024-03-17T01:13:23 GMT+01:00" skipped="0">
  <testcase classname="storeShopTest.SwipeDemo" name="swipeTest" time="11.610"/>
  <system-out/>
</testsuite> <!-- storeShopTest.SwipeDemo -->
