<?xml version="1.0" encoding="UTF-8"?>
<!-- Generated by org.testng.reporters.JUnitReportReporter -->
<testsuite hostname="salimsouidi" failures="0" tests="4" name="storeShopTest.ShopStoreApp" time="53.453" errors="0" timestamp="2024-03-17T01:27:40 GMT+01:00" skipped="0">
  <testcase classname="storeShopTest.ShopStoreApp" name="LoginStoreTest" time="25.254"/>
  <system-out/>
  <testcase classname="storeShopTest.ShopStoreApp" name="addItemToCartTest" time="4.082"/>
  <system-out/>
  <testcase classname="storeShopTest.ShopStoreApp" name="scrollToItemTest" time="11.495"/>
  <system-out/>
  <testcase classname="storeShopTest.ShopStoreApp" name="CartProductListTest" time="12.622"/>
  <system-out/>
</testsuite> <!-- storeShopTest.ShopStoreApp -->
