<?xml version="1.0" encoding="UTF-8"?>
<!-- Generated by org.testng.reporters.JUnitReportReporter -->
<testsuite hostname="salimsouidi" failures="0" tests="4" name="storeApp.ShopStoreApp" time="37.225" errors="0" timestamp="2024-03-16T01:33:13 GMT+01:00" skipped="0">
  <testcase classname="storeApp.ShopStoreApp" name="LoginStoreTest" time="8.876"/>
  <system-out/>
  <testcase classname="storeApp.ShopStoreApp" name="addItemToCart" time="4.221"/>
  <system-out/>
  <testcase classname="storeApp.ShopStoreApp" name="scrollToItemTest" time="10.900"/>
  <system-out/>
  <testcase classname="storeApp.ShopStoreApp" name="CartProductList" time="13.228"/>
  <system-out/>
</testsuite> <!-- storeApp.ShopStoreApp -->
