<?xml version="1.0" encoding="UTF-8"?>
<!-- Generated by org.testng.reporters.JUnitReportReporter -->
<testsuite hostname="salimsouidi" failures="0" tests="1" name="storeApp.ScrollAndSelectItem" time="26.537" errors="0" timestamp="2024-03-14T23:04:23 GMT+01:00" skipped="0">
  <testcase classname="storeApp.ScrollAndSelectItem" name="scrollToItemTest" time="26.537"/>
  <system-out/>
</testsuite> <!-- storeApp.ScrollAndSelectItem -->
