<?xml version="1.0" encoding="UTF-8"?>
<!-- Generated by org.testng.reporters.JUnitReportReporter -->
<testsuite hostname="salimsouidi" failures="0" tests="4" name="storeApp.ShopStoreApp" time="38.316" errors="0" timestamp="2024-03-16T13:54:10 GMT+01:00" skipped="0">
  <testcase classname="storeApp.ShopStoreApp" name="LoginStoreTest" time="9.022"/>
  <system-out/>
  <testcase classname="storeApp.ShopStoreApp" name="addItemToCartTest" time="4.553"/>
  <system-out/>
  <testcase classname="storeApp.ShopStoreApp" name="scrollToItemTest" time="11.958"/>
  <system-out/>
  <testcase classname="storeApp.ShopStoreApp" name="CartProductListTest" time="12.783"/>
  <system-out/>
</testsuite> <!-- storeApp.ShopStoreApp -->
