<?xml version="1.0" encoding="UTF-8"?>
<!-- Generated by org.testng.reporters.JUnitReportReporter -->
<testsuite hostname="salimsouidi" failures="0" tests="1" name="storeShopTest.ToastMessageTest" time="18.523" errors="0" timestamp="2024-03-18T00:25:02 GMT+01:00" skipped="0">
  <testcase classname="storeShopTest.ToastMessageTest" name="toastMsgTest" time="18.523"/>
  <system-out/>
</testsuite> <!-- storeShopTest.ToastMessageTest -->
