<?xml version="1.0" encoding="UTF-8"?>
<!-- Generated by org.testng.reporters.JUnitReportReporter -->
<testsuite hostname="salimsouidi" failures="0" tests="4" name="storeApp.ShopStoreApp" time="38.909" errors="0" timestamp="2024-03-15T15:09:23 GMT+01:00" skipped="0">
  <testcase classname="storeApp.ShopStoreApp" name="LoginStoreTest" time="9.147"/>
  <system-out/>
  <testcase classname="storeApp.ShopStoreApp" name="addItemToCart" time="4.847"/>
  <system-out/>
  <testcase classname="storeApp.ShopStoreApp" name="scrollToItemTest" time="12.252"/>
  <system-out/>
  <testcase classname="storeApp.ShopStoreApp" name="CartProductList" time="12.663"/>
  <system-out/>
</testsuite> <!-- storeApp.ShopStoreApp -->
